28/07/2006 14:49:31 (InfL1)	+-+-+-+-+-+-+-+-+-+-+-+-+-+-+-+-+-+-+-+-+-+-+-+-+-+-+-+-+-+-+-+-+-+-+-+-+-+-+-+
28/07/2006 14:49:31 (InfL1)	+                     Crazy Eddie's GUI System - Event log                    +
28/07/2006 14:49:31 (InfL1)	+                          (http://www.cegui.org.uk/)                         +
28/07/2006 14:49:31 (InfL1)	+-+-+-+-+-+-+-+-+-+-+-+-+-+-+-+-+-+-+-+-+-+-+-+-+-+-+-+-+-+-+-+-+-+-+-+-+-+-+-+

28/07/2006 14:49:31 (InfL1)	CEGUI::Logger singleton created.
28/07/2006 14:49:31 (InfL1)	---- Begining CEGUI System initialisation ----
28/07/2006 14:49:31 (InfL1)	CEGUI::ImagesetManager singleton created
28/07/2006 14:49:31 (InfL1)	CEGUI::FontManager singleton created.
28/07/2006 14:49:31 (InfL1)	CEGUI::WindowFactoryManager singleton created
28/07/2006 14:49:31 (InfL1)	CEGUI::WindowManager singleton created
28/07/2006 14:49:31 (InfL1)	CEGUI::SchemeManager singleton created.
28/07/2006 14:49:31 (InfL1)	CEGUI::MouseCursor singleton created.
28/07/2006 14:49:31 (InfL1)	CEGUI::GlobalEventSet singleton created.
28/07/2006 14:49:31 (InfL1)	CEGUI::WidgetLookManager singleton created.
28/07/2006 14:49:31 (InfL1)	WindowFactory for 'DefaultWindow' windows added.
28/07/2006 14:49:31 (InfL1)	WindowFactory for 'DragContainer' windows added.
28/07/2006 14:49:31 (InfL1)	WindowFactory for 'ScrolledContainer' windows added.
28/07/2006 14:49:31 (InfL1)	Window type alias named 'DefaultGUISheet' added for window type 'DefaultWindow'.
28/07/2006 14:49:31 (InfL1)	CEGUI::System singleton created.
28/07/2006 14:49:31 (InfL1)	---- CEGUI System initialisation completed ----
28/07/2006 14:49:31 (InfL1)	---- Version 0.4.1 ----
28/07/2006 14:49:31 (InfL1)	---- Renderer module is: CEGUI::OpenGLRenderer - Official OpenGL based renderer module for CEGUI ----
28/07/2006 14:49:31 (InfL1)	---- XML Parser module is: CEGUI::XercesParser - Official Xerces-C++ based parser module for CEGUI ----
28/07/2006 14:49:31 (InfL1)	---- Scripting module is: None ----
28/07/2006 14:49:31 (InfL1)	Attempting to load Scheme from file 'C:\Curtiss\Projects\NavyGameEngine\Delta3D\\data/gui\schemes\WindowsLookSkin.scheme'.
28/07/2006 14:49:31 (InfL1)	XercesParser::initialiseSchema - Attempting to load schema from file 'GUIScheme.xsd'.
28/07/2006 14:49:31 (InfL1)	XercesParser::initialiseSchema - XML schema file 'GUIScheme.xsd' has been initialised.
28/07/2006 14:49:31 (InfL1)	Attempting to create an Imageset from the information specified in file 'imagesets/WindowsLook.imageset'.
28/07/2006 14:49:31 (InfL1)	XercesParser::initialiseSchema - Attempting to load schema from file 'Imageset.xsd'.
28/07/2006 14:49:31 (InfL1)	XercesParser::initialiseSchema - XML schema file 'Imageset.xsd' has been initialised.
28/07/2006 14:49:31 (InfL1)	Attempting to create Font from the information specified in file 'fonts/tahoma-12.font'.
28/07/2006 14:49:31 (InfL1)	XercesParser::initialiseSchema - Attempting to load schema from file 'Font.xsd'.
28/07/2006 14:49:31 (InfL1)	XercesParser::initialiseSchema - XML schema file 'Font.xsd' has been initialised.
28/07/2006 14:49:31 (InfL1)	Attempting to create Imageset 'Tahoma-12_auto_glyph_images' with texture only.
28/07/2006 14:49:31 (InfL1)	Attempting to create Font from the information specified in file 'fonts/digi-48.font'.
28/07/2006 14:49:31 (InfL1)	XercesParser::initialiseSchema - Attempting to load schema from file 'Font.xsd'.
28/07/2006 14:49:31 (InfL1)	XercesParser::initialiseSchema - XML schema file 'Font.xsd' has been initialised.
28/07/2006 14:49:31 (InfL1)	Attempting to create Imageset 'Digi-48_auto_glyph_images' with texture only.
28/07/2006 14:49:31 (InfL1)	XercesParser::initialiseSchema - Attempting to load schema from file 'Falagard.xsd'.
28/07/2006 14:49:31 (InfL1)	XercesParser::initialiseSchema - XML schema file 'Falagard.xsd' has been initialised.
28/07/2006 14:49:31 (InfL1)	===== Falagard 'root' element: look and feel parsing begins =====
28/07/2006 14:49:32 (InfL1)	===== Look and feel parsing completed =====
28/07/2006 14:49:32 (InfL1)	No window factories specified for module 'CEGUIFalagardBase' - adding all available factories...
28/07/2006 14:49:32 (InfL1)	WindowFactory for 'Falagard/Button' windows added.
28/07/2006 14:49:32 (InfL1)	WindowFactory for 'Falagard/Checkbox' windows added.
28/07/2006 14:49:32 (InfL1)	WindowFactory for 'Falagard/ComboDropList' windows added.
28/07/2006 14:49:32 (InfL1)	WindowFactory for 'Falagard/Combobox' windows added.
28/07/2006 14:49:32 (InfL1)	WindowFactory for 'Falagard/Editbox' windows added.
28/07/2006 14:49:32 (InfL1)	WindowFactory for 'Falagard/FrameWindow' windows added.
28/07/2006 14:49:32 (InfL1)	WindowFactory for 'Falagard/ListHeader' windows added.
28/07/2006 14:49:32 (InfL1)	WindowFactory for 'Falagard/ListHeaderSegment' windows added.
28/07/2006 14:49:32 (InfL1)	WindowFactory for 'Falagard/Listbox' windows added.
28/07/2006 14:49:32 (InfL1)	WindowFactory for 'Falagard/Menubar' windows added.
28/07/2006 14:49:32 (InfL1)	WindowFactory for 'Falagard/MenuItem' windows added.
28/07/2006 14:49:32 (InfL1)	WindowFactory for 'Falagard/MultiColumnList' windows added.
28/07/2006 14:49:32 (InfL1)	WindowFactory for 'Falagard/MultiLineEditbox' windows added.
28/07/2006 14:49:32 (InfL1)	WindowFactory for 'Falagard/PopupMenu' windows added.
28/07/2006 14:49:32 (InfL1)	WindowFactory for 'Falagard/ProgressBar' windows added.
28/07/2006 14:49:32 (InfL1)	WindowFactory for 'Falagard/RadioButton' windows added.
28/07/2006 14:49:32 (InfL1)	WindowFactory for 'Falagard/ScrollablePane' windows added.
28/07/2006 14:49:32 (InfL1)	WindowFactory for 'Falagard/Scrollbar' windows added.
28/07/2006 14:49:32 (InfL1)	WindowFactory for 'Falagard/Slider' windows added.
28/07/2006 14:49:32 (InfL1)	WindowFactory for 'Falagard/Spinner' windows added.
28/07/2006 14:49:32 (InfL1)	WindowFactory for 'Falagard/StaticImage' windows added.
28/07/2006 14:49:32 (InfL1)	WindowFactory for 'Falagard/StaticText' windows added.
28/07/2006 14:49:32 (InfL1)	WindowFactory for 'Falagard/SystemButton' windows added.
28/07/2006 14:49:32 (InfL1)	WindowFactory for 'Falagard/TabButton' windows added.
28/07/2006 14:49:32 (InfL1)	WindowFactory for 'Falagard/TabControl' windows added.
28/07/2006 14:49:32 (InfL1)	WindowFactory for 'Falagard/TabPane' windows added.
28/07/2006 14:49:32 (InfL1)	WindowFactory for 'Falagard/Thumb' windows added.
28/07/2006 14:49:32 (InfL1)	WindowFactory for 'Falagard/Titlebar' windows added.
28/07/2006 14:49:32 (InfL1)	WindowFactory for 'Falagard/Tooltip' windows added.
28/07/2006 14:49:32 (InfL1)	Creating falagard mapping for type 'WindowsLook/Button' using base type 'Falagard/Button' and LookN'Feel 'WindowsLook/Button'.
28/07/2006 14:49:32 (InfL1)	Creating falagard mapping for type 'WindowsLook/Checkbox' using base type 'Falagard/Checkbox' and LookN'Feel 'WindowsLook/Checkbox'.
28/07/2006 14:49:32 (InfL1)	Creating falagard mapping for type 'WindowsLook/ComboDropList' using base type 'Falagard/ComboDropList' and LookN'Feel 'WindowsLook/ComboDropList'.
28/07/2006 14:49:32 (InfL1)	Creating falagard mapping for type 'WindowsLook/Combobox' using base type 'Falagard/Combobox' and LookN'Feel 'WindowsLook/Combobox'.
28/07/2006 14:49:32 (InfL1)	Creating falagard mapping for type 'WindowsLook/Editbox' using base type 'Falagard/Editbox' and LookN'Feel 'WindowsLook/Editbox'.
28/07/2006 14:49:32 (InfL1)	Creating falagard mapping for type 'WindowsLook/FrameWindow' using base type 'Falagard/FrameWindow' and LookN'Feel 'WindowsLook/FrameWindow'.
28/07/2006 14:49:32 (InfL1)	Creating falagard mapping for type 'WindowsLook/HorizontalScrollbar' using base type 'Falagard/Scrollbar' and LookN'Feel 'WindowsLook/HorizontalScrollbar'.
28/07/2006 14:49:32 (InfL1)	Creating falagard mapping for type 'WindowsLook/HorizontalScrollbarThumb' using base type 'Falagard/Thumb' and LookN'Feel 'WindowsLook/HorizontalScrollbarThumb'.
28/07/2006 14:49:32 (InfL1)	Creating falagard mapping for type 'WindowsLook/IconButton' using base type 'Falagard/Button' and LookN'Feel 'WindowsLook/IconButton'.
28/07/2006 14:49:32 (InfL1)	Creating falagard mapping for type 'WindowsLook/ListHeader' using base type 'Falagard/ListHeader' and LookN'Feel 'WindowsLook/ListHeader'.
28/07/2006 14:49:32 (InfL1)	Creating falagard mapping for type 'WindowsLook/ListHeaderSegment' using base type 'Falagard/ListHeaderSegment' and LookN'Feel 'WindowsLook/ListHeaderSegment'.
28/07/2006 14:49:32 (InfL1)	Creating falagard mapping for type 'WindowsLook/Listbox' using base type 'Falagard/Listbox' and LookN'Feel 'WindowsLook/Listbox'.
28/07/2006 14:49:32 (InfL1)	Creating falagard mapping for type 'WindowsLook/Menubar' using base type 'Falagard/Menubar' and LookN'Feel 'WindowsLook/Menubar'.
28/07/2006 14:49:32 (InfL1)	Creating falagard mapping for type 'WindowsLook/MenuItem' using base type 'Falagard/MenuItem' and LookN'Feel 'WindowsLook/MenuItem'.
28/07/2006 14:49:32 (InfL1)	Creating falagard mapping for type 'WindowsLook/MultiColumnList' using base type 'Falagard/MultiColumnList' and LookN'Feel 'WindowsLook/MultiColumnList'.
28/07/2006 14:49:32 (InfL1)	Creating falagard mapping for type 'WindowsLook/MultiLineEditbox' using base type 'Falagard/MultiLineEditbox' and LookN'Feel 'WindowsLook/MultiLineEditbox'.
28/07/2006 14:49:32 (InfL1)	Creating falagard mapping for type 'WindowsLook/PopupMenu' using base type 'Falagard/PopupMenu' and LookN'Feel 'WindowsLook/PopupMenu'.
28/07/2006 14:49:32 (InfL1)	Creating falagard mapping for type 'WindowsLook/ProgressBar' using base type 'Falagard/ProgressBar' and LookN'Feel 'WindowsLook/ProgressBar'.
28/07/2006 14:49:32 (InfL1)	Creating falagard mapping for type 'WindowsLook/RadioButton' using base type 'Falagard/RadioButton' and LookN'Feel 'WindowsLook/RadioButton'.
28/07/2006 14:49:32 (InfL1)	Creating falagard mapping for type 'WindowsLook/ScrollablePane' using base type 'Falagard/ScrollablePane' and LookN'Feel 'WindowsLook/ScrollablePane'.
28/07/2006 14:49:32 (InfL1)	Creating falagard mapping for type 'WindowsLook/Slider' using base type 'Falagard/Slider' and LookN'Feel 'WindowsLook/Slider'.
28/07/2006 14:49:32 (InfL1)	Creating falagard mapping for type 'WindowsLook/SliderThumb' using base type 'Falagard/Thumb' and LookN'Feel 'WindowsLook/SliderThumb'.
28/07/2006 14:49:32 (InfL1)	Creating falagard mapping for type 'WindowsLook/Spinner' using base type 'Falagard/Spinner' and LookN'Feel 'WindowsLook/Spinner'.
28/07/2006 14:49:32 (InfL1)	Creating falagard mapping for type 'WindowsLook/StaticImage' using base type 'Falagard/StaticImage' and LookN'Feel 'WindowsLook/StaticImage'.
28/07/2006 14:49:32 (InfL1)	Creating falagard mapping for type 'WindowsLook/StaticText' using base type 'Falagard/StaticText' and LookN'Feel 'WindowsLook/StaticText'.
28/07/2006 14:49:32 (InfL1)	Creating falagard mapping for type 'WindowsLook/CloseButton' using base type 'Falagard/SystemButton' and LookN'Feel 'WindowsLook/CloseButton'.
28/07/2006 14:49:32 (InfL1)	Creating falagard mapping for type 'WindowsLook/TabButton' using base type 'Falagard/TabButton' and LookN'Feel 'WindowsLook/TabButton'.
28/07/2006 14:49:32 (InfL1)	Creating falagard mapping for type 'WindowsLook/TabControl' using base type 'Falagard/TabControl' and LookN'Feel 'WindowsLook/TabControl'.
28/07/2006 14:49:32 (InfL1)	Creating falagard mapping for type 'WindowsLook/TabPane' using base type 'Falagard/TabPane' and LookN'Feel 'WindowsLook/TabPane'.
28/07/2006 14:49:32 (InfL1)	Creating falagard mapping for type 'WindowsLook/Titlebar' using base type 'Falagard/Titlebar' and LookN'Feel 'WindowsLook/Titlebar'.
28/07/2006 14:49:32 (InfL1)	Creating falagard mapping for type 'WindowsLook/Tooltip' using base type 'Falagard/Tooltip' and LookN'Feel 'WindowsLook/Tooltip'.
28/07/2006 14:49:32 (InfL1)	Creating falagard mapping for type 'WindowsLook/VerticalScrollbar' using base type 'Falagard/Scrollbar' and LookN'Feel 'WindowsLook/VerticalScrollbar'.
28/07/2006 14:49:32 (InfL1)	Creating falagard mapping for type 'WindowsLook/VerticalScrollbarThumb' using base type 'Falagard/Thumb' and LookN'Feel 'WindowsLook/VerticalScrollbarThumb'.
29/07/2006 07:56:49 (InfL1)	---- Begining CEGUI System destruction ----
29/07/2006 07:56:49 (InfL1)	---- Begining cleanup of GUI Scheme system ----
29/07/2006 07:56:49 (InfL1)	Font 'Tahoma-12' has been destroyed.
29/07/2006 07:56:49 (InfL1)	Font 'Digi-48' has been destroyed.
29/07/2006 07:56:49 (InfL1)	Scheme 'WindowsLookSkin' has been unloaded.
29/07/2006 07:56:49 (InfL1)	CEGUI::SchemeManager singleton destroyed.
29/07/2006 07:56:49 (InfL1)	CEGUI::WindowManager singleton destroyed
29/07/2006 07:56:49 (InfL1)	CEGUI::WindowFactoryManager singleton destroyed
29/07/2006 07:56:49 (InfL1)	CEGUI::WidgetLookManager singleton destroyed.
29/07/2006 07:56:49 (InfL1)	---- Begining cleanup of Font system ----
29/07/2006 07:56:49 (InfL1)	CEGUI::FontManager singleton destroyed.
29/07/2006 07:56:49 (InfL1)	CEGUI::MouseCursor singleton destroyed.
29/07/2006 07:56:49 (InfL1)	---- Begining cleanup of Imageset system ----
29/07/2006 07:56:49 (InfL1)	CEGUI::ImagesetManager singleton destroyed
29/07/2006 07:56:49 (InfL1)	CEGUI::GlobalEventSet singleton destroyed.
29/07/2006 07:56:49 (InfL1)	CEGUI::System singleton destroyed.
29/07/2006 07:56:49 (InfL1)	---- CEGUI System destruction completed ----
29/07/2006 07:56:49 (InfL1)	CEGUI::Logger singleton destroyed.
